# JRE version: OpenJDK Runtime Environment Microsoft-8035246 (17.0.8+7) (build 17.0.8+7-LTS)
# Java VM: OpenJDK 64-Bit Server VM Microsoft-8035246 (17.0.8+7-LTS, mixed mode, sharing, tiered, compressed oops, compressed class ptrs, g1 gc, windows-amd64)
GC Precious Log:
 CPUs: 4 total, 4 available
 Memory: 8070M
 Large Page Support: Disabled
 NUMA Support: Disabled
 Compressed Oops: Enabled (32-bit)
 Heap Region Size: 1M
 Heap Min Capacity: 8M
 Heap Initial Capacity: 128M
 Heap Max Capacity: 2G
 Pre-touch: Disabled
 Parallel Workers: 4
 Concurrent Workers: 1
 Concurrent Refinement Workers: 4
 Periodic GC: Disabled
Heap:
 garbage-first heap   total 301056K, used 221218K [0x0000000080000000, 0x0000000100000000)
  region size 1024K, 60 young (61440K), 7 survivors (7168K)
 Metaspace       used 104228K, committed 105344K, reserved 557056K
  class space    used 14476K, committed 15040K, reserved 425984K
GC Heap History (20 events):
Event: 44.610 GC heap before
{Heap before GC invocations=33 (full 0):
 garbage-first heap   total 129024K, used 106977K [0x0000000080000000, 0x0000000100000000)
  region size 1024K, 27 young (27648K), 1 survivors (1024K)
 Metaspace       used 75289K, committed 76096K, reserved 557056K
  class space    used 10442K, committed 10816K, reserved 425984K
}
Event: 44.612 GC heap after
{Heap after GC invocations=34 (full 0):
 garbage-first heap   total 129024K, used 81881K [0x0000000080000000, 0x0000000100000000)
  region size 1024K, 1 young (1024K), 1 survivors (1024K)
 Metaspace       used 75289K, committed 76096K, reserved 557056K
  class space    used 10442K, committed 10816K, reserved 425984K
}
Event: 45.097 GC heap before
{Heap before GC invocations=35 (full 0):
 garbage-first heap   total 150528K, used 113625K [0x0000000080000000, 0x0000000100000000)
  region size 1024K, 27 young (27648K), 1 survivors (1024K)
 Metaspace       used 76161K, committed 76928K, reserved 557056K
  class space    used 10584K, committed 10944K, reserved 425984K
}
Event: 45.104 GC heap after
{Heap after GC invocations=36 (full 0):
 garbage-first heap   total 150528K, used 85434K [0x0000000080000000, 0x0000000100000000)
  region size 1024K, 4 young (4096K), 4 survivors (4096K)
 Metaspace       used 76161K, committed 76928K, reserved 557056K
  class space    used 10584K, committed 10944K, reserved 425984K
}
Event: 45.193 GC heap before
{Heap before GC invocations=36 (full 0):
 garbage-first heap   total 150528K, used 88506K [0x0000000080000000, 0x0000000100000000)
  region size 1024K, 7 young (7168K), 4 survivors (4096K)
 Metaspace       used 76419K, committed 77120K, reserved 557056K
  class space    used 10610K, committed 10944K, reserved 425984K
}
Event: 45.200 GC heap after
{Heap after GC invocations=37 (full 0):
 garbage-first heap   total 150528K, used 85537K [0x0000000080000000, 0x0000000100000000)
  region size 1024K, 1 young (1024K), 1 survivors (1024K)
 Metaspace       used 76419K, committed 77120K, reserved 557056K
  class space    used 10610K, committed 10944K, reserved 425984K
}
Event: 46.035 GC heap before
{Heap before GC invocations=37 (full 0):
 garbage-first heap   total 150528K, used 121377K [0x0000000080000000, 0x0000000100000000)
  region size 1024K, 36 young (36864K), 1 survivors (1024K)
 Metaspace       used 78933K, committed 79680K, reserved 557056K
  class space    used 10931K, committed 11264K, reserved 425984K
}
Event: 46.041 GC heap after
{Heap after GC invocations=38 (full 0):
 garbage-first heap   total 301056K, used 87039K [0x0000000080000000, 0x0000000100000000)
  region size 1024K, 2 young (2048K), 2 survivors (2048K)
 Metaspace       used 78933K, committed 79680K, reserved 557056K
  class space    used 10931K, committed 11264K, reserved 425984K
}
Event: 68.437 GC heap before
{Heap before GC invocations=39 (full 0):
 garbage-first heap   total 301056K, used 209919K [0x0000000080000000, 0x0000000100000000)
  region size 1024K, 122 young (124928K), 2 survivors (2048K)
 Metaspace       used 84737K, committed 85440K, reserved 557056K
  class space    used 11745K, committed 12096K, reserved 425984K
}
Event: 68.457 GC heap after
{Heap after GC invocations=40 (full 0):
 garbage-first heap   total 301056K, used 94124K [0x0000000080000000, 0x0000000100000000)
  region size 1024K, 9 young (9216K), 9 survivors (9216K)
 Metaspace       used 84737K, committed 85440K, reserved 557056K
  class space    used 11745K, committed 12096K, reserved 425984K
}
Event: 72.680 GC heap before
{Heap before GC invocations=40 (full 0):
 garbage-first heap   total 301056K, used 230316K [0x0000000080000000, 0x0000000100000000)
  region size 1024K, 141 young (144384K), 9 survivors (9216K)
 Metaspace       used 91648K, committed 92480K, reserved 557056K
  class space    used 12810K, committed 13184K, reserved 425984K
}
Event: 72.701 GC heap after
{Heap after GC invocations=41 (full 0):
 garbage-first heap   total 301056K, used 102415K [0x0000000080000000, 0x0000000100000000)
  region size 1024K, 17 young (17408K), 17 survivors (17408K)
 Metaspace       used 91648K, committed 92480K, reserved 557056K
  class space    used 12810K, committed 13184K, reserved 425984K
}
Event: 77.756 GC heap before
{Heap before GC invocations=41 (full 0):
 garbage-first heap   total 301056K, used 240655K [0x0000000080000000, 0x0000000100000000)
  region size 1024K, 145 young (148480K), 17 survivors (17408K)
 Metaspace       used 95531K, committed 96448K, reserved 557056K
  class space    used 13312K, committed 13760K, reserved 425984K
}
Event: 77.908 GC heap after
{Heap after GC invocations=42 (full 0):
 garbage-first heap   total 301056K, used 140067K [0x0000000080000000, 0x0000000100000000)
  region size 1024K, 19 young (19456K), 19 survivors (19456K)
 Metaspace       used 95531K, committed 96448K, reserved 557056K
  class space    used 13312K, committed 13760K, reserved 425984K
}
Event: 80.878 GC heap before
{Heap before GC invocations=42 (full 0):
 garbage-first heap   total 301056K, used 230179K [0x0000000080000000, 0x0000000100000000)
  region size 1024K, 106 young (108544K), 19 survivors (19456K)
 Metaspace       used 100339K, committed 101376K, reserved 557056K
  class space    used 13993K, committed 14528K, reserved 425984K
}
Event: 80.934 GC heap after
{Heap after GC invocations=43 (full 0):
 garbage-first heap   total 301056K, used 151248K [0x0000000080000000, 0x0000000100000000)
  region size 1024K, 9 young (9216K), 9 survivors (9216K)
 Metaspace       used 100339K, committed 101376K, reserved 557056K
  class space    used 13993K, committed 14528K, reserved 425984K
}
Event: 83.816 GC heap before
{Heap before GC invocations=43 (full 0):
 garbage-first heap   total 301056K, used 234192K [0x0000000080000000, 0x0000000100000000)
  region size 1024K, 90 young (92160K), 9 survivors (9216K)
 Metaspace       used 102586K, committed 103616K, reserved 557056K
  class space    used 14269K, committed 14784K, reserved 425984K
}
Event: 83.843 GC heap after
{Heap after GC invocations=44 (full 0):
 garbage-first heap   total 301056K, used 161452K [0x0000000080000000, 0x0000000100000000)
  region size 1024K, 10 young (10240K), 10 survivors (10240K)
 Metaspace       used 102586K, committed 103616K, reserved 557056K
  class space    used 14269K, committed 14784K, reserved 425984K
}
Event: 85.259 GC heap before
{Heap before GC invocations=44 (full 0):
 garbage-first heap   total 301056K, used 237228K [0x0000000080000000, 0x0000000100000000)
  region size 1024K, 85 young (87040K), 10 survivors (10240K)
 Metaspace       used 103873K, committed 105024K, reserved 557056K
  class space    used 14428K, committed 14976K, reserved 425984K
}
Event: 85.284 GC heap after
{Heap after GC invocations=45 (full 0):
 garbage-first heap   total 301056K, used 167970K [0x0000000080000000, 0x0000000100000000)
  region size 1024K, 7 young (7168K), 7 survivors (7168K)
 Metaspace       used 103873K, committed 105024K, reserved 557056K
  class space    used 14428K, committed 14976K, reserved 425984K
}

